<?xml version="1.0" encoding="UTF-8"?>
<!-- Generated by org.testng.reporters.JUnitXMLReporter -->
<testsuite ignored="0" hostname="CE27826" failures="0" tests="5" name="Command line test" time="0.081" errors="0" timestamp="2020-01-28T16:33:33 MEZ">
  <testcase classname="qaclickacademy.AppiumTest" name="IOSApps" time="0.006"/>
  <testcase classname="qaclickacademy.AppiumTest" name="NativeApAndroid" time="0.001"/>
  <testcase classname="qaclickacademy.RESTAPITest" name="DeleteTwitter" time="0.0"/>
  <testcase classname="qaclickacademy.RESTAPITest" name="postJira" time="0.0"/>
  <testcase classname="qaclickacademy.SeleniumTest" name="elementsUI" time="0.001"/>
</testsuite> <!-- Command line test -->
