<?xml version="1.0" encoding="UTF-8"?>
<!-- Generated by org.testng.reporters.JUnitXMLReporter -->
<testsuite ignored="0" hostname="CE27826" failures="0" tests="4" name="Test" time="0.055" errors="0" timestamp="2020-01-28T16:36:22 MEZ">
  <testcase classname="qaclickacademy.SeleniumTest" name="BrowserAutomation" time="0.006"/>
  <testcase classname="qaclickacademy.SeleniumTest" name="elementsUI" time="0.0"/>
  <testcase classname="qaclickacademy.RESTAPITest" name="DeleteTwitter" time="0.0"/>
  <testcase classname="qaclickacademy.RESTAPITest" name="postJira" time="0.0"/>
</testsuite> <!-- Test -->
