<?xml version="1.0" encoding="UTF-8"?>
<testng-results ignored="0" total="4" passed="4" failed="0" skipped="0">
  <reporter-output>
  </reporter-output>
  <suite started-at="2020-01-28T16:36:22 MEZ" name="Suite" finished-at="2020-01-28T16:36:22 MEZ" duration-ms="55">
    <groups>
    </groups>
    <test started-at="2020-01-28T16:36:22 MEZ" name="Test" finished-at="2020-01-28T16:36:22 MEZ" duration-ms="55">
      <class name="qaclickacademy.RESTAPITest">
        <test-method signature="DeleteTwitter()[pri:0, instance:qaclickacademy.RESTAPITest@5762806e]" started-at="2020-01-28T16:36:22 MEZ" name="DeleteTwitter" finished-at="2020-01-28T16:36:22 MEZ" duration-ms="0" status="PASS">
          <reporter-output>
          </reporter-output>
        </test-method> <!-- DeleteTwitter -->
        <test-method signature="postJira()[pri:0, instance:qaclickacademy.RESTAPITest@5762806e]" started-at="2020-01-28T16:36:22 MEZ" name="postJira" finished-at="2020-01-28T16:36:22 MEZ" duration-ms="0" status="PASS">
          <reporter-output>
          </reporter-output>
        </test-method> <!-- postJira -->
      </class> <!-- qaclickacademy.RESTAPITest -->
      <class name="qaclickacademy.SeleniumTest">
        <test-method signature="BrowserAutomation()[pri:0, instance:qaclickacademy.SeleniumTest@548a102f]" started-at="2020-01-28T16:36:22 MEZ" name="BrowserAutomation" finished-at="2020-01-28T16:36:22 MEZ" duration-ms="6" status="PASS">
          <reporter-output>
          </reporter-output>
        </test-method> <!-- BrowserAutomation -->
        <test-method signature="elementsUI()[pri:0, instance:qaclickacademy.SeleniumTest@548a102f]" started-at="2020-01-28T16:36:22 MEZ" name="elementsUI" finished-at="2020-01-28T16:36:22 MEZ" duration-ms="0" status="PASS">
          <reporter-output>
          </reporter-output>
        </test-method> <!-- elementsUI -->
      </class> <!-- qaclickacademy.SeleniumTest -->
    </test> <!-- Test -->
  </suite> <!-- Suite -->
</testng-results>
